#
# There is insufficient memory for the Java Runtime Environment to continue.
# Native memory allocation (malloc) failed to allocate 32784 bytes for Chunk::new
# Possible reasons:
#   The system is out of physical RAM or swap space
#   The process is running with CompressedOops enabled, and the Java Heap may be blocking the growth of the native heap
# Possible solutions:
#   Reduce memory load on the system
#   Increase physical memory or swap space
#   Check if swap backing store is full
#   Decrease Java heap size (-Xmx/-Xms)
#   Decrease number of Java threads
#   Decrease Java thread stack sizes (-Xss)
#   Set larger code cache with -XX:ReservedCodeCacheSize=
#   JVM is running with Unscaled Compressed Oops mode in which the Java heap is
#     placed in the first 4GB address space. The Java Heap base address is the
#     maximum limit for the native heap growth. Please use -XX:HeapBaseMinAddress
#     to set the Java Heap base and to place the Java Heap above 4GB virtual address.
# This output file may be truncated or incomplete.
#
#  Out of Memory Error (arena.cpp:184), pid=10584, tid=6824
#
# JRE version: Java(TM) SE Runtime Environment (18.0.1.1+2) (build 18.0.1.1+2-6)
# Java VM: Java HotSpot(TM) 64-Bit Server VM (18.0.1.1+2-6, mixed mode, sharing, tiered, compressed oops, compressed class ptrs, g1 gc, windows-amd64)
# No core dump will be written. Minidumps are not enabled by default on client versions of Windows
#

---------------  S U M M A R Y ------------

Command Line: -Dmaven.multiModuleProjectDirectory=C:\Users\atena\OneDrive\Escritorio\PortfolioArgProg\PorfolioArgProg\backend\porfolio\porfolio org.apache.maven.wrapper.MavenWrapperMain -Dexec.vmArgs= -Dexec.args=${exec.vmArgs} -classpath %classpath ${exec.mainClass} ${exec.appArgs} -Dexec.executable=C:\Program Files\Java\jdk-18.0.1.1\bin\java.exe -Dexec.mainClass=com.Argprog.porfolio.PorfolioApplication -Dexec.classpathScope=runtime -Dexec.appArgs= -Dmaven.ext.class.path=C:\Program Files\NetBeans-14\netbeans\java\maven-nblib\netbeans-eventspy.jar org.codehaus.mojo:exec-maven-plugin:3.0.0:exec

Host: AMD A10-7890K Radeon R7, 12 Compute Cores 4C+8G, 4 cores, 7G,  Windows 10 , 64 bit Build 19041 (10.0.19041.1806)
Time: Fri Aug  5 01:55:11 2022 Hora estándar de Argentina elapsed time: 3.883399 seconds (0d 0h 0m 3s)

---------------  T H R E A D  ---------------

Current thread (0x00000213ff79de20):  JavaThread "C2 CompilerThread0" daemon [_thread_in_native, id=6824, stack(0x0000006618100000,0x0000006618200000)]


Current CompileTask:
C2:   3883 2680       4       org.apache.maven.model.Dependency::setLocation (390 bytes)

Stack: [0x0000006618100000,0x0000006618200000]
Native frames: (J=compiled Java code, j=interpreted, Vv=VM code, C=native code)
V  [jvm.dll+0x69887a]
V  [jvm.dll+0x7f38bd]
V  [jvm.dll+0x7f51ce]
V  [jvm.dll+0x7f5883]
V  [jvm.dll+0x25ca3f]
V  [jvm.dll+0xb8c2f]
V  [jvm.dll+0xb8fa5]
V  [jvm.dll+0xb8d4b]
V  [jvm.dll+0x6bd5c2]
V  [jvm.dll+0x1be293]
V  [jvm.dll+0x6bdf10]
V  [jvm.dll+0x716862]
V  [jvm.dll+0x592f86]
V  [jvm.dll+0x5930c0]
V  [jvm.dll+0x593e62]
V  [jvm.dll+0x59791b]
V  [jvm.dll+0x5993ff]
V  [jvm.dll+0x598ead]
V  [jvm.dll+0x598d90]
V  [jvm.dll+0x5a0d60]
V  [jvm.dll+0x237f1e]
V  [jvm.dll+0x231764]
V  [jvm.dll+0x22eeeb]
V  [jvm.dll+0x1b9cfc]
V  [jvm.dll+0x23e8ca]
V  [jvm.dll+0x23cbb5]
V  [jvm.dll+0x7a5fb1]
V  [jvm.dll+0x7a03ea]
V  [jvm.dll+0x697725]
C  [ucrtbase.dll+0x21bb2]
C  [KERNEL32.DLL+0x17034]
C  [ntdll.dll+0x52651]


---------------  P R O C E S S  ---------------

Threads class SMR info:
_java_thread_list=0x000002139d8596f0, length=13, elements={
0x00000213f87460e0, 0x00000213ff77c8e0, 0x00000213ff77d540, 0x00000213ff79a550,
0x00000213ff79be10, 0x00000213ff79c7b0, 0x00000213ff79d150, 0x00000213ff79de20,
0x00000213ff8043f0, 0x00000213ff8069f0, 0x000002139cc7f120, 0x000002139cc870d0,
0x000002139d861c00
}

Java Threads: ( => current thread )
  0x00000213f87460e0 JavaThread "main" [_thread_in_Java, id=12972, stack(0x0000006617400000,0x0000006617500000)]
  0x00000213ff77c8e0 JavaThread "Reference Handler" daemon [_thread_blocked, id=7840, stack(0x0000006617b00000,0x0000006617c00000)]
  0x00000213ff77d540 JavaThread "Finalizer" daemon [_thread_blocked, id=10732, stack(0x0000006617c00000,0x0000006617d00000)]
  0x00000213ff79a550 JavaThread "Signal Dispatcher" daemon [_thread_blocked, id=7244, stack(0x0000006617d00000,0x0000006617e00000)]
  0x00000213ff79be10 JavaThread "Attach Listener" daemon [_thread_blocked, id=8440, stack(0x0000006617e00000,0x0000006617f00000)]
  0x00000213ff79c7b0 JavaThread "Service Thread" daemon [_thread_blocked, id=5456, stack(0x0000006617f00000,0x0000006618000000)]
  0x00000213ff79d150 JavaThread "Monitor Deflation Thread" daemon [_thread_blocked, id=12192, stack(0x0000006618000000,0x0000006618100000)]
=>0x00000213ff79de20 JavaThread "C2 CompilerThread0" daemon [_thread_in_native, id=6824, stack(0x0000006618100000,0x0000006618200000)]
  0x00000213ff8043f0 JavaThread "C1 CompilerThread0" daemon [_thread_blocked, id=5112, stack(0x0000006618200000,0x0000006618300000)]
  0x00000213ff8069f0 JavaThread "Sweeper thread" daemon [_thread_blocked, id=16580, stack(0x0000006618300000,0x0000006618400000)]
  0x000002139cc7f120 JavaThread "Notification Thread" daemon [_thread_blocked, id=11984, stack(0x0000006618400000,0x0000006618500000)]
  0x000002139cc870d0 JavaThread "Common-Cleaner" daemon [_thread_blocked, id=13840, stack(0x0000006618600000,0x0000006618700000)]
  0x000002139d861c00 JavaThread "C2 CompilerThread1" daemon [_thread_in_native, id=7940, stack(0x0000006618a00000,0x0000006618b00000)]

Other Threads:
  0x00000213ff778200 VMThread "VM Thread" [stack: 0x0000006617a00000,0x0000006617b00000] [id=5108]
  0x000002139cc86230 WatcherThread "VM Periodic Task Thread" [stack: 0x0000006618500000,0x0000006618600000] [id=13436]
  0x00000213f87a1360 WorkerThread "GC Thread#0" [stack: 0x0000006617500000,0x0000006617600000] [id=12016]
  0x000002139d6ee150 WorkerThread "GC Thread#1" [stack: 0x0000006618700000,0x0000006618800000] [id=16896]
  0x000002139d2e89f0 WorkerThread "GC Thread#2" [stack: 0x0000006618800000,0x0000006618900000] [id=5100]
  0x000002139d70f870 WorkerThread "GC Thread#3" [stack: 0x0000006618900000,0x0000006618a00000] [id=4936]
  0x00000213f87b20d0 ConcurrentGCThread "G1 Main Marker" [stack: 0x0000006617600000,0x0000006617700000] [id=14300]
  0x00000213f87b4ae0 WorkerThread "G1 Conc#0" [stack: 0x0000006617700000,0x0000006617800000] [id=13756]
  0x00000213f87f1090 ConcurrentGCThread "G1 Refine#0" [stack: 0x0000006617800000,0x0000006617900000] [id=2740]
  0x00000213f87f29b0 ConcurrentGCThread "G1 Service" [stack: 0x0000006617900000,0x0000006617a00000] [id=3816]

Threads with active compile tasks:
C2 CompilerThread0     4138 2680       4       org.apache.maven.model.Dependency::setLocation (390 bytes)
C2 CompilerThread1     4138 2860       4       org.apache.maven.model.io.xpp3.MavenXpp3Reader::checkFieldWithDuplicate (75 bytes)

VM state: not at safepoint (normal execution)

VM Mutex/Monitor currently owned by a thread: None

Heap address: 0x0000000080e00000, size: 2034 MB, Compressed Oops mode: 32-bit

CDS archive(s) mapped at: [0x0000000800000000-0x0000000800ba0000-0x0000000800ba0000), size 12189696, SharedBaseAddress: 0x0000000800000000, ArchiveRelocationMode: 0.
Compressed class space mapped at: 0x0000000800c00000-0x0000000840c00000, reserved size: 1073741824
Narrow klass base: 0x0000000800000000, Narrow klass shift: 0, Narrow klass range: 0x100000000

GC Precious Log:
 CardTable entry size: 512
 Card Set container configuration: InlinePtr #cards 5 size 8 Array Of Cards #cards 12 size 40 Howl #buckets 4 coarsen threshold 1843 Howl Bitmap #cards 512 size 80 coarsen threshold 460 Card regions per heap region 1 cards per card region 2048
 CPUs: 4 total, 4 available
 Memory: 8128M
 Large Page Support: Disabled
 NUMA Support: Disabled
 Compressed Oops: Enabled (32-bit)
 Heap Region Size: 1M
 Heap Min Capacity: 8M
 Heap Initial Capacity: 128M
 Heap Max Capacity: 2034M
 Pre-touch: Disabled
 Parallel Workers: 4
 Concurrent Workers: 1
 Concurrent Refinement Workers: 4
 Periodic GC: Disabled

Heap:
 garbage-first heap   total 131072K, used 38752K [0x0000000080e00000, 0x0000000100000000)
  region size 1024K, 36 young (36864K), 3 survivors (3072K)
 Metaspace       used 13298K, committed 13568K, reserved 1114112K
  class space    used 1496K, committed 1600K, reserved 1048576K

Heap Regions: E=young(eden), S=young(survivor), O=old, HS=humongous(starts), HC=humongous(continues), CS=collection set, F=free, OA=open archive, CA=closed archive, TAMS=top-at-mark-start (previous, next)
|   0|0x0000000080e00000, 0x0000000080f00000, 0x0000000080f00000|100%| O|  |TAMS 0x0000000080e00000, 0x0000000080e00000| Untracked 
|   1|0x0000000080f00000, 0x0000000081000000, 0x0000000081000000|100%| O|  |TAMS 0x0000000080f00000, 0x0000000080f00000| Untracked 
|   2|0x0000000081000000, 0x0000000081100000, 0x0000000081100000|100%| O|  |TAMS 0x0000000081000000, 0x0000000081000000| Untracked 
|   3|0x0000000081100000, 0x000000008116e200, 0x0000000081200000| 43%| O|  |TAMS 0x0000000081100000, 0x0000000081100000| Untracked 
|   4|0x0000000081200000, 0x0000000081200000, 0x0000000081300000|  0%| F|  |TAMS 0x0000000081200000, 0x0000000081200000| Untracked 
|   5|0x0000000081300000, 0x0000000081300000, 0x0000000081400000|  0%| F|  |TAMS 0x0000000081300000, 0x0000000081300000| Untracked 
|   6|0x0000000081400000, 0x0000000081400000, 0x0000000081500000|  0%| F|  |TAMS 0x0000000081400000, 0x0000000081400000| Untracked 
|   7|0x0000000081500000, 0x0000000081500000, 0x0000000081600000|  0%| F|  |TAMS 0x0000000081500000, 0x0000000081500000| Untracked 
|   8|0x0000000081600000, 0x0000000081600000, 0x0000000081700000|  0%| F|  |TAMS 0x0000000081600000, 0x0000000081600000| Untracked 
|   9|0x0000000081700000, 0x0000000081700000, 0x0000000081800000|  0%| F|  |TAMS 0x0000000081700000, 0x0000000081700000| Untracked 
|  10|0x0000000081800000, 0x0000000081800000, 0x0000000081900000|  0%| F|  |TAMS 0x0000000081800000, 0x0000000081800000| Untracked 
|  11|0x0000000081900000, 0x0000000081900000, 0x0000000081a00000|  0%| F|  |TAMS 0x0000000081900000, 0x0000000081900000| Untracked 
|  12|0x0000000081a00000, 0x0000000081a00000, 0x0000000081b00000|  0%| F|  |TAMS 0x0000000081a00000, 0x0000000081a00000| Untracked 
|  13|0x0000000081b00000, 0x0000000081b00000, 0x0000000081c00000|  0%| F|  |TAMS 0x0000000081b00000, 0x0000000081b00000| Untracked 
|  14|0x0000000081c00000, 0x0000000081c00000, 0x0000000081d00000|  0%| F|  |TAMS 0x0000000081c00000, 0x0000000081c00000| Untracked 
|  15|0x0000000081d00000, 0x0000000081d00000, 0x0000000081e00000|  0%| F|  |TAMS 0x0000000081d00000, 0x0000000081d00000| Untracked 
|  16|0x0000000081e00000, 0x0000000081e00000, 0x0000000081f00000|  0%| F|  |TAMS 0x0000000081e00000, 0x0000000081e00000| Untracked 
|  17|0x0000000081f00000, 0x0000000081f00000, 0x0000000082000000|  0%| F|  |TAMS 0x0000000081f00000, 0x0000000081f00000| Untracked 
|  18|0x0000000082000000, 0x0000000082000000, 0x0000000082100000|  0%| F|  |TAMS 0x0000000082000000, 0x0000000082000000| Untracked 
|  19|0x0000000082100000, 0x0000000082100000, 0x0000000082200000|  0%| F|  |TAMS 0x0000000082100000, 0x0000000082100000| Untracked 
|  20|0x0000000082200000, 0x0000000082200000, 0x0000000082300000|  0%| F|  |TAMS 0x0000000082200000, 0x0000000082200000| Untracked 
|  21|0x0000000082300000, 0x0000000082300000, 0x0000000082400000|  0%| F|  |TAMS 0x0000000082300000, 0x0000000082300000| Untracked 
|  22|0x0000000082400000, 0x0000000082400000, 0x0000000082500000|  0%| F|  |TAMS 0x0000000082400000, 0x0000000082400000| Untracked 
|  23|0x0000000082500000, 0x0000000082500000, 0x0000000082600000|  0%| F|  |TAMS 0x0000000082500000, 0x0000000082500000| Untracked 
|  24|0x0000000082600000, 0x0000000082600000, 0x0000000082700000|  0%| F|  |TAMS 0x0000000082600000, 0x0000000082600000| Untracked 
|  25|0x0000000082700000, 0x0000000082700000, 0x0000000082800000|  0%| F|  |TAMS 0x0000000082700000, 0x0000000082700000| Untracked 
|  26|0x0000000082800000, 0x0000000082800000, 0x0000000082900000|  0%| F|  |TAMS 0x0000000082800000, 0x0000000082800000| Untracked 
|  27|0x0000000082900000, 0x0000000082900000, 0x0000000082a00000|  0%| F|  |TAMS 0x0000000082900000, 0x0000000082900000| Untracked 
|  28|0x0000000082a00000, 0x0000000082a00000, 0x0000000082b00000|  0%| F|  |TAMS 0x0000000082a00000, 0x0000000082a00000| Untracked 
|  29|0x0000000082b00000, 0x0000000082b00000, 0x0000000082c00000|  0%| F|  |TAMS 0x0000000082b00000, 0x0000000082b00000| Untracked 
|  30|0x0000000082c00000, 0x0000000082c00000, 0x0000000082d00000|  0%| F|  |TAMS 0x0000000082c00000, 0x0000000082c00000| Untracked 
|  31|0x0000000082d00000, 0x0000000082d00000, 0x0000000082e00000|  0%| F|  |TAMS 0x0000000082d00000, 0x0000000082d00000| Untracked 
|  32|0x0000000082e00000, 0x0000000082e00000, 0x0000000082f00000|  0%| F|  |TAMS 0x0000000082e00000, 0x0000000082e00000| Untracked 
|  33|0x0000000082f00000, 0x0000000082f00000, 0x0000000083000000|  0%| F|  |TAMS 0x0000000082f00000, 0x0000000082f00000| Untracked 
|  34|0x0000000083000000, 0x0000000083000000, 0x0000000083100000|  0%| F|  |TAMS 0x0000000083000000, 0x0000000083000000| Untracked 
|  35|0x0000000083100000, 0x0000000083100000, 0x0000000083200000|  0%| F|  |TAMS 0x0000000083100000, 0x0000000083100000| Untracked 
|  36|0x0000000083200000, 0x0000000083200000, 0x0000000083300000|  0%| F|  |TAMS 0x0000000083200000, 0x0000000083200000| Untracked 
|  37|0x0000000083300000, 0x0000000083300000, 0x0000000083400000|  0%| F|  |TAMS 0x0000000083300000, 0x0000000083300000| Untracked 
|  38|0x0000000083400000, 0x0000000083400000, 0x0000000083500000|  0%| F|  |TAMS 0x0000000083400000, 0x0000000083400000| Untracked 
|  39|0x0000000083500000, 0x0000000083500000, 0x0000000083600000|  0%| F|  |TAMS 0x0000000083500000, 0x0000000083500000| Untracked 
|  40|0x0000000083600000, 0x0000000083600000, 0x0000000083700000|  0%| F|  |TAMS 0x0000000083600000, 0x0000000083600000| Untracked 
|  41|0x0000000083700000, 0x0000000083700000, 0x0000000083800000|  0%| F|  |TAMS 0x0000000083700000, 0x0000000083700000| Untracked 
|  42|0x0000000083800000, 0x0000000083800000, 0x0000000083900000|  0%| F|  |TAMS 0x0000000083800000, 0x0000000083800000| Untracked 
|  43|0x0000000083900000, 0x0000000083900000, 0x0000000083a00000|  0%| F|  |TAMS 0x0000000083900000, 0x0000000083900000| Untracked 
|  44|0x0000000083a00000, 0x0000000083a00000, 0x0000000083b00000|  0%| F|  |TAMS 0x0000000083a00000, 0x0000000083a00000| Untracked 
|  45|0x0000000083b00000, 0x0000000083b00000, 0x0000000083c00000|  0%| F|  |TAMS 0x0000000083b00000, 0x0000000083b00000| Untracked 
|  46|0x0000000083c00000, 0x0000000083c00000, 0x0000000083d00000|  0%| F|  |TAMS 0x0000000083c00000, 0x0000000083c00000| Untracked 
|  47|0x0000000083d00000, 0x0000000083d00000, 0x0000000083e00000|  0%| F|  |TAMS 0x0000000083d00000, 0x0000000083d00000| Untracked 
|  48|0x0000000083e00000, 0x0000000083e00000, 0x0000000083f00000|  0%| F|  |TAMS 0x0000000083e00000, 0x0000000083e00000| Untracked 
|  49|0x0000000083f00000, 0x0000000083f00000, 0x0000000084000000|  0%| F|  |TAMS 0x0000000083f00000, 0x0000000083f00000| Untracked 
|  50|0x0000000084000000, 0x0000000084000000, 0x0000000084100000|  0%| F|  |TAMS 0x0000000084000000, 0x0000000084000000| Untracked 
|  51|0x0000000084100000, 0x0000000084100000, 0x0000000084200000|  0%| F|  |TAMS 0x0000000084100000, 0x0000000084100000| Untracked 
|  52|0x0000000084200000, 0x0000000084200000, 0x0000000084300000|  0%| F|  |TAMS 0x0000000084200000, 0x0000000084200000| Untracked 
|  53|0x0000000084300000, 0x0000000084300000, 0x0000000084400000|  0%| F|  |TAMS 0x0000000084300000, 0x0000000084300000| Untracked 
|  54|0x0000000084400000, 0x0000000084400000, 0x0000000084500000|  0%| F|  |TAMS 0x0000000084400000, 0x0000000084400000| Untracked 
|  55|0x0000000084500000, 0x0000000084500000, 0x0000000084600000|  0%| F|  |TAMS 0x0000000084500000, 0x0000000084500000| Untracked 
|  56|0x0000000084600000, 0x0000000084600000, 0x0000000084700000|  0%| F|  |TAMS 0x0000000084600000, 0x0000000084600000| Untracked 
|  57|0x0000000084700000, 0x0000000084700000, 0x0000000084800000|  0%| F|  |TAMS 0x0000000084700000, 0x0000000084700000| Untracked 
|  58|0x0000000084800000, 0x0000000084800000, 0x0000000084900000|  0%| F|  |TAMS 0x0000000084800000, 0x0000000084800000| Untracked 
|  59|0x0000000084900000, 0x0000000084900000, 0x0000000084a00000|  0%| F|  |TAMS 0x0000000084900000, 0x0000000084900000| Untracked 
|  60|0x0000000084a00000, 0x0000000084a00000, 0x0000000084b00000|  0%| F|  |TAMS 0x0000000084a00000, 0x0000000084a00000| Untracked 
|  61|0x0000000084b00000, 0x0000000084b00000, 0x0000000084c00000|  0%| F|  |TAMS 0x0000000084b00000, 0x0000000084b00000| Untracked 
|  62|0x0000000084c00000, 0x0000000084c00000, 0x0000000084d00000|  0%| F|  |TAMS 0x0000000084c00000, 0x0000000084c00000| Untracked 
|  63|0x0000000084d00000, 0x0000000084d00000, 0x0000000084e00000|  0%| F|  |TAMS 0x0000000084d00000, 0x0000000084d00000| Untracked 
|  64|0x0000000084e00000, 0x0000000084e00000, 0x0000000084f00000|  0%| F|  |TAMS 0x0000000084e00000, 0x0000000084e00000| Untracked 
|  65|0x0000000084f00000, 0x0000000084f00000, 0x0000000085000000|  0%| F|  |TAMS 0x0000000084f00000, 0x0000000084f00000| Untracked 
|  66|0x0000000085000000, 0x0000000085000000, 0x0000000085100000|  0%| F|  |TAMS 0x0000000085000000, 0x0000000085000000| Untracked 
|  67|0x0000000085100000, 0x0000000085100000, 0x0000000085200000|  0%| F|  |TAMS 0x0000000085100000, 0x0000000085100000| Untracked 
|  68|0x0000000085200000, 0x0000000085200000, 0x0000000085300000|  0%| F|  |TAMS 0x0000000085200000, 0x0000000085200000| Untracked 
|  69|0x0000000085300000, 0x0000000085300000, 0x0000000085400000|  0%| F|  |TAMS 0x0000000085300000, 0x0000000085300000| Untracked 
|  70|0x0000000085400000, 0x0000000085400000, 0x0000000085500000|  0%| F|  |TAMS 0x0000000085400000, 0x0000000085400000| Untracked 
|  71|0x0000000085500000, 0x0000000085500000, 0x0000000085600000|  0%| F|  |TAMS 0x0000000085500000, 0x0000000085500000| Untracked 
|  72|0x0000000085600000, 0x0000000085600000, 0x0000000085700000|  0%| F|  |TAMS 0x0000000085600000, 0x0000000085600000| Untracked 
|  73|0x0000000085700000, 0x0000000085700000, 0x0000000085800000|  0%| F|  |TAMS 0x0000000085700000, 0x0000000085700000| Untracked 
|  74|0x0000000085800000, 0x0000000085800000, 0x0000000085900000|  0%| F|  |TAMS 0x0000000085800000, 0x0000000085800000| Untracked 
|  75|0x0000000085900000, 0x0000000085900000, 0x0000000085a00000|  0%| F|  |TAMS 0x0000000085900000, 0x0000000085900000| Untracked 
|  76|0x0000000085a00000, 0x0000000085a00000, 0x0000000085b00000|  0%| F|  |TAMS 0x0000000085a00000, 0x0000000085a00000| Untracked 
|  77|0x0000000085b00000, 0x0000000085b00000, 0x0000000085c00000|  0%| F|  |TAMS 0x0000000085b00000, 0x0000000085b00000| Untracked 
|  78|0x0000000085c00000, 0x0000000085c00000, 0x0000000085d00000|  0%| F|  |TAMS 0x0000000085c00000, 0x0000000085c00000| Untracked 
|  79|0x0000000085d00000, 0x0000000085d00000, 0x0000000085e00000|  0%| F|  |TAMS 0x0000000085d00000, 0x0000000085d00000| Untracked 
|  80|0x0000000085e00000, 0x0000000085e00000, 0x0000000085f00000|  0%| F|  |TAMS 0x0000000085e00000, 0x0000000085e00000| Untracked 
|  81|0x0000000085f00000, 0x0000000085f00000, 0x0000000086000000|  0%| F|  |TAMS 0x0000000085f00000, 0x0000000085f00000| Untracked 
|  82|0x0000000086000000, 0x0000000086000000, 0x0000000086100000|  0%| F|  |TAMS 0x0000000086000000, 0x0000000086000000| Untracked 
|  83|0x0000000086100000, 0x0000000086100000, 0x0000000086200000|  0%| F|  |TAMS 0x0000000086100000, 0x0000000086100000| Untracked 
|  84|0x0000000086200000, 0x0000000086200000, 0x0000000086300000|  0%| F|  |TAMS 0x0000000086200000, 0x0000000086200000| Untracked 
|  85|0x0000000086300000, 0x0000000086300000, 0x0000000086400000|  0%| F|  |TAMS 0x0000000086300000, 0x0000000086300000| Untracked 
|  86|0x0000000086400000, 0x0000000086400000, 0x0000000086500000|  0%| F|  |TAMS 0x0000000086400000, 0x0000000086400000| Untracked 
|  87|0x0000000086500000, 0x0000000086500000, 0x0000000086600000|  0%| F|  |TAMS 0x0000000086500000, 0x0000000086500000| Untracked 
|  88|0x0000000086600000, 0x0000000086600000, 0x0000000086700000|  0%| F|  |TAMS 0x0000000086600000, 0x0000000086600000| Untracked 
|  89|0x0000000086700000, 0x0000000086700000, 0x0000000086800000|  0%| F|  |TAMS 0x0000000086700000, 0x0000000086700000| Untracked 
|  90|0x0000000086800000, 0x0000000086800000, 0x0000000086900000|  0%| F|  |TAMS 0x0000000086800000, 0x0000000086800000| Untracked 
|  91|0x0000000086900000, 0x0000000086900000, 0x0000000086a00000|  0%| F|  |TAMS 0x0000000086900000, 0x0000000086900000| Untracked 
|  92|0x0000000086a00000, 0x0000000086b00000, 0x0000000086b00000|100%| E|  |TAMS 0x0000000086a00000, 0x0000000086a00000| Complete 
|  93|0x0000000086b00000, 0x0000000086c00000, 0x0000000086c00000|100%| E|CS|TAMS 0x0000000086b00000, 0x0000000086b00000| Complete 
|  94|0x0000000086c00000, 0x0000000086d00000, 0x0000000086d00000|100%| E|CS|TAMS 0x0000000086c00000, 0x0000000086c00000| Complete 
|  95|0x0000000086d00000, 0x0000000086d69e70, 0x0000000086e00000| 41%| S|CS|TAMS 0x0000000086d00000, 0x0000000086d00000| Complete 
|  96|0x0000000086e00000, 0x0000000086f00000, 0x0000000086f00000|100%| S|CS|TAMS 0x0000000086e00000, 0x0000000086e00000| Complete 
|  97|0x0000000086f00000, 0x0000000087000000, 0x0000000087000000|100%| S|CS|TAMS 0x0000000086f00000, 0x0000000086f00000| Complete 
|  98|0x0000000087000000, 0x0000000087100000, 0x0000000087100000|100%| E|CS|TAMS 0x0000000087000000, 0x0000000087000000| Complete 
|  99|0x0000000087100000, 0x0000000087200000, 0x0000000087200000|100%| E|CS|TAMS 0x0000000087100000, 0x0000000087100000| Complete 
| 100|0x0000000087200000, 0x0000000087300000, 0x0000000087300000|100%| E|CS|TAMS 0x0000000087200000, 0x0000000087200000| Complete 
| 101|0x0000000087300000, 0x0000000087400000, 0x0000000087400000|100%| E|CS|TAMS 0x0000000087300000, 0x0000000087300000| Complete 
| 102|0x0000000087400000, 0x0000000087500000, 0x0000000087500000|100%| E|CS|TAMS 0x0000000087400000, 0x0000000087400000| Complete 
| 103|0x0000000087500000, 0x0000000087600000, 0x0000000087600000|100%| E|CS|TAMS 0x0000000087500000, 0x0000000087500000| Complete 
| 104|0x0000000087600000, 0x0000000087700000, 0x0000000087700000|100%| E|CS|TAMS 0x0000000087600000, 0x0000000087600000| Complete 
| 105|0x0000000087700000, 0x0000000087800000, 0x0000000087800000|100%| E|CS|TAMS 0x0000000087700000, 0x0000000087700000| Complete 
| 106|0x0000000087800000, 0x0000000087900000, 0x0000000087900000|100%| E|CS|TAMS 0x0000000087800000, 0x0000000087800000| Complete 
| 107|0x0000000087900000, 0x0000000087a00000, 0x0000000087a00000|100%| E|CS|TAMS 0x0000000087900000, 0x0000000087900000| Complete 
| 108|0x0000000087a00000, 0x0000000087b00000, 0x0000000087b00000|100%| E|CS|TAMS 0x0000000087a00000, 0x0000000087a00000| Complete 
| 109|0x0000000087b00000, 0x0000000087c00000, 0x0000000087c00000|100%| E|CS|TAMS 0x0000000087b00000, 0x0000000087b00000| Complete 
| 110|0x0000000087c00000, 0x0000000087d00000, 0x0000000087d00000|100%| E|CS|TAMS 0x0000000087c00000, 0x0000000087c00000| Complete 
| 111|0x0000000087d00000, 0x0000000087e00000, 0x0000000087e00000|100%| E|CS|TAMS 0x0000000087d00000, 0x0000000087d00000| Complete 
| 112|0x0000000087e00000, 0x0000000087f00000, 0x0000000087f00000|100%| E|CS|TAMS 0x0000000087e00000, 0x0000000087e00000| Complete 
| 113|0x0000000087f00000, 0x0000000088000000, 0x0000000088000000|100%| E|CS|TAMS 0x0000000087f00000, 0x0000000087f00000| Complete 
| 114|0x0000000088000000, 0x0000000088100000, 0x0000000088100000|100%| E|CS|TAMS 0x0000000088000000, 0x0000000088000000| Complete 
| 115|0x0000000088100000, 0x0000000088200000, 0x0000000088200000|100%| E|CS|TAMS 0x0000000088100000, 0x0000000088100000| Complete 
| 116|0x0000000088200000, 0x0000000088300000, 0x0000000088300000|100%| E|CS|TAMS 0x0000000088200000, 0x0000000088200000| Complete 
| 117|0x0000000088300000, 0x0000000088400000, 0x0000000088400000|100%| E|CS|TAMS 0x0000000088300000, 0x0000000088300000| Complete 
| 118|0x0000000088400000, 0x0000000088500000, 0x0000000088500000|100%| E|CS|TAMS 0x0000000088400000, 0x0000000088400000| Complete 
| 119|0x0000000088500000, 0x0000000088600000, 0x0000000088600000|100%| E|CS|TAMS 0x0000000088500000, 0x0000000088500000| Complete 
| 120|0x0000000088600000, 0x0000000088700000, 0x0000000088700000|100%| E|CS|TAMS 0x0000000088600000, 0x0000000088600000| Complete 
| 121|0x0000000088700000, 0x0000000088800000, 0x0000000088800000|100%| E|CS|TAMS 0x0000000088700000, 0x0000000088700000| Complete 
| 122|0x0000000088800000, 0x0000000088900000, 0x0000000088900000|100%| E|CS|TAMS 0x0000000088800000, 0x0000000088800000| Complete 
| 123|0x0000000088900000, 0x0000000088a00000, 0x0000000088a00000|100%| E|CS|TAMS 0x0000000088900000, 0x0000000088900000| Complete 
| 124|0x0000000088a00000, 0x0000000088b00000, 0x0000000088b00000|100%| E|CS|TAMS 0x0000000088a00000, 0x0000000088a00000| Complete 
| 125|0x0000000088b00000, 0x0000000088c00000, 0x0000000088c00000|100%| E|CS|TAMS 0x0000000088b00000, 0x0000000088b00000| Complete 
| 126|0x0000000088c00000, 0x0000000088d00000, 0x0000000088d00000|100%| E|CS|TAMS 0x0000000088c00000, 0x0000000088c00000| Complete 
| 127|0x0000000088d00000, 0x0000000088e00000, 0x0000000088e00000|100%| E|CS|TAMS 0x0000000088d00000, 0x0000000088d00000| Complete 

Card table byte_map: [0x00000213faa20000,0x00000213fae20000] _byte_map_base: 0x00000213fa619000

Marking Bits (Prev, Next): (CMBitMap*) 0x00000213f87a1960, (CMBitMap*) 0x00000213f87a19a0
 Prev Bits: [0x00000213fb220000, 0x00000213fd1e8000)
 Next Bits: [0x00000213fd1f0000, 0x00000213ff1b8000)

Polling page: 0x00000213f8810000

Metaspace:

Usage:
  Non-class:     11.53 MB used.
      Class:      1.46 MB used.
       Both:     12.99 MB used.

Virtual space:
  Non-class space:       64.00 MB reserved,      11.69 MB ( 18%) committed,  1 nodes.
      Class space:        1.00 GB reserved,       1.56 MB ( <1%) committed,  1 nodes.
             Both:        1.06 GB reserved,      13.25 MB (  1%) committed. 

Chunk freelists:
   Non-Class:  3.45 MB
       Class:  2.45 MB
        Both:  5.90 MB

MaxMetaspaceSize: unlimited
CompressedClassSpaceSize: 1.00 GB
Initial GC threshold: 21.00 MB
Current GC threshold: 21.00 MB
CDS: on
MetaspaceReclaimPolicy: balanced
 - commit_granule_bytes: 65536.
 - commit_granule_words: 8192.
 - virtual_space_node_default_size: 8388608.
 - enlarge_chunks_in_place: 1.
 - new_chunks_are_fully_committed: 0.
 - uncommit_free_chunks: 1.
 - use_allocation_guard: 0.


Internal statistics:

num_allocs_failed_limit: 0.
num_arena_births: 246.
num_arena_deaths: 0.
num_vsnodes_births: 2.
num_vsnodes_deaths: 0.
num_space_committed: 212.
num_space_uncommitted: 0.
num_chunks_returned_to_freelist: 0.
num_chunks_taken_from_freelist: 681.
num_chunk_merges: 0.
num_chunk_splits: 490.
num_chunks_enlarged: 377.
num_inconsistent_stats: 0.

CodeHeap 'non-profiled nmethods': size=120000Kb used=1092Kb max_used=1092Kb free=118907Kb
 bounds [0x000002138f340000, 0x000002138f5b0000, 0x0000021396870000]
CodeHeap 'profiled nmethods': size=120000Kb used=6015Kb max_used=6015Kb free=113984Kb
 bounds [0x0000021387e10000, 0x00000213883f0000, 0x000002138f340000]
CodeHeap 'non-nmethods': size=5760Kb used=1179Kb max_used=1202Kb free=4580Kb
 bounds [0x0000021387870000, 0x0000021387ae0000, 0x0000021387e10000]
 total_blobs=3422 nmethods=2958 adapters=376
 compilation: enabled
              stopped_count=0, restarted_count=0
 full_count=0

Compilation events (20 events):
Event: 3.870 Thread 0x00000213ff8043f0 nmethod 2674 0x000002138f433610 code [0x000002138f4337a0, 0x000002138f433878]
Event: 3.870 Thread 0x00000213ff8043f0 2666       1       org.apache.maven.model.Activation::getProperty (5 bytes)
Event: 3.870 Thread 0x00000213ff8043f0 nmethod 2666 0x000002138f433910 code [0x000002138f433aa0, 0x000002138f433b78]
Event: 3.870 Thread 0x00000213ff8043f0 2676       1       org.apache.maven.model.RepositoryPolicy::getChecksumPolicy (5 bytes)
Event: 3.870 Thread 0x00000213ff8043f0 nmethod 2676 0x000002138f433c10 code [0x000002138f433da0, 0x000002138f433e78]
Event: 3.874 Thread 0x00000213ff8043f0 2678       1       org.eclipse.aether.DefaultRepositorySystemSession::getLocalRepositoryManager (5 bytes)
Event: 3.874 Thread 0x00000213ff8043f0 nmethod 2678 0x000002138f433f10 code [0x000002138f4340a0, 0x000002138f434178]
Event: 3.874 Thread 0x000002139d861c00 nmethod 2668 0x000002138f434210 code [0x000002138f4343a0, 0x000002138f434858]
Event: 3.874 Thread 0x000002139d861c00 2675       4       java.util.regex.Pattern$$Lambda$20/0x800000030::is (9 bytes)
Event: 3.874 Thread 0x00000213ff79de20 nmethod 2669 0x000002138f434a90 code [0x000002138f434c20, 0x000002138f4350d8]
Event: 3.874 Thread 0x00000213ff79de20 2677       4       java.util.Objects::equals (23 bytes)
Event: 3.875 Thread 0x00000213ff79de20 nmethod 2677 0x000002138f435310 code [0x000002138f435480, 0x000002138f435518]
Event: 3.875 Thread 0x00000213ff8043f0 2679       3       java.util.concurrent.ConcurrentHashMap::<init> (9 bytes)
Event: 3.875 Thread 0x00000213ff8043f0 nmethod 2679 0x0000021388365c10 code [0x0000021388365de0, 0x0000021388365f28]
Event: 3.876 Thread 0x00000213ff79de20 2680       4       org.apache.maven.model.Dependency::setLocation (390 bytes)
Event: 3.877 Thread 0x000002139d861c00 nmethod 2675 0x000002138f435610 code [0x000002138f4357c0, 0x000002138f435aa8]
Event: 3.877 Thread 0x00000213ff8043f0 2681       3       java.nio.ByteBuffer::flip (7 bytes)
Event: 3.877 Thread 0x00000213ff8043f0 nmethod 2681 0x0000021388366010 code [0x00000213883661a0, 0x0000021388366318]
Event: 3.879 Thread 0x000002139d861c00 2682       4       java.util.ArrayList::<init> (12 bytes)
Event: 3.880 Thread 0x00000213ff8043f0 2683       3       org.apache.maven.model.merge.ModelMerger::mergePlugin_Dependencies (26 bytes)

GC Heap History (6 events):
Event: 1.388 GC heap before
{Heap before GC invocations=0 (full 0):
 garbage-first heap   total 131072K, used 13312K [0x0000000080e00000, 0x0000000100000000)
  region size 1024K, 13 young (13312K), 0 survivors (0K)
 Metaspace       used 4043K, committed 4288K, reserved 1114112K
  class space    used 414K, committed 512K, reserved 1048576K
}
Event: 1.403 GC heap after
{Heap after GC invocations=1 (full 0):
 garbage-first heap   total 131072K, used 3405K [0x0000000080e00000, 0x0000000100000000)
  region size 1024K, 2 young (2048K), 2 survivors (2048K)
 Metaspace       used 4043K, committed 4288K, reserved 1114112K
  class space    used 414K, committed 512K, reserved 1048576K
}
Event: 1.948 GC heap before
{Heap before GC invocations=1 (full 0):
 garbage-first heap   total 131072K, used 15693K [0x0000000080e00000, 0x0000000100000000)
  region size 1024K, 14 young (14336K), 2 survivors (2048K)
 Metaspace       used 5717K, committed 5952K, reserved 1114112K
  class space    used 648K, committed 768K, reserved 1048576K
}
Event: 1.952 GC heap after
{Heap after GC invocations=2 (full 0):
 garbage-first heap   total 131072K, used 4077K [0x0000000080e00000, 0x0000000100000000)
  region size 1024K, 1 young (1024K), 1 survivors (1024K)
 Metaspace       used 5717K, committed 5952K, reserved 1114112K
  class space    used 648K, committed 768K, reserved 1048576K
}
Event: 3.061 GC heap before
{Heap before GC invocations=2 (full 0):
 garbage-first heap   total 131072K, used 33773K [0x0000000080e00000, 0x0000000100000000)
  region size 1024K, 30 young (30720K), 1 survivors (1024K)
 Metaspace       used 10546K, committed 10752K, reserved 1114112K
  class space    used 1256K, committed 1344K, reserved 1048576K
}
Event: 3.067 GC heap after
{Heap after GC invocations=3 (full 0):
 garbage-first heap   total 131072K, used 5984K [0x0000000080e00000, 0x0000000100000000)
  region size 1024K, 3 young (3072K), 3 survivors (3072K)
 Metaspace       used 10546K, committed 10752K, reserved 1114112K
  class space    used 1256K, committed 1344K, reserved 1048576K
}

Deoptimization events (20 events):
Event: 3.683 Thread 0x00000213f87460e0 Uncommon trap: trap_request=0xffffff45 fr.pc=0x000002138f413f78 relative=0x0000000000000158
Event: 3.683 Thread 0x00000213f87460e0 Uncommon trap: reason=unstable_if action=reinterpret pc=0x000002138f413f78 method=java.lang.StringLatin1.trim([B)Ljava/lang/String; @ 60 c2
Event: 3.683 Thread 0x00000213f87460e0 DEOPT PACKING pc=0x000002138f413f78 sp=0x00000066174fd960
Event: 3.683 Thread 0x00000213f87460e0 DEOPT UNPACKING pc=0x00000213878c23a3 sp=0x00000066174fd8e0 mode 2
Event: 3.690 Thread 0x00000213f87460e0 Uncommon trap: trap_request=0xffffff45 fr.pc=0x000002138f3b4da4 relative=0x0000000000000564
Event: 3.690 Thread 0x00000213f87460e0 Uncommon trap: reason=unstable_if action=reinterpret pc=0x000002138f3b4da4 method=java.lang.String.regionMatches(ZILjava/lang/String;II)Z @ 21 c2
Event: 3.690 Thread 0x00000213f87460e0 DEOPT PACKING pc=0x000002138f3b4da4 sp=0x00000066174fe090
Event: 3.690 Thread 0x00000213f87460e0 DEOPT UNPACKING pc=0x00000213878c23a3 sp=0x00000066174fe038 mode 2
Event: 3.796 Thread 0x00000213f87460e0 Uncommon trap: trap_request=0xffffff45 fr.pc=0x000002138f41de58 relative=0x0000000000000d18
Event: 3.796 Thread 0x00000213f87460e0 Uncommon trap: reason=unstable_if action=reinterpret pc=0x000002138f41de58 method=org.codehaus.plexus.util.xml.pull.MXParser.nextImpl()I @ 972 c2
Event: 3.796 Thread 0x00000213f87460e0 DEOPT PACKING pc=0x000002138f41de58 sp=0x00000066174fddd0
Event: 3.796 Thread 0x00000213f87460e0 DEOPT UNPACKING pc=0x00000213878c23a3 sp=0x00000066174fdd50 mode 2
Event: 3.818 Thread 0x00000213f87460e0 Uncommon trap: trap_request=0xffffff45 fr.pc=0x000002138f393c00 relative=0x0000000000000200
Event: 3.818 Thread 0x00000213f87460e0 Uncommon trap: reason=unstable_if action=reinterpret pc=0x000002138f393c00 method=java.lang.String.decodeASCII([BI[CII)I @ 7 c2
Event: 3.818 Thread 0x00000213f87460e0 DEOPT PACKING pc=0x000002138f393c00 sp=0x00000066174fd810
Event: 3.818 Thread 0x00000213f87460e0 DEOPT UNPACKING pc=0x00000213878c23a3 sp=0x00000066174fd798 mode 2
Event: 3.859 Thread 0x00000213f87460e0 Uncommon trap: trap_request=0xffffff45 fr.pc=0x000002138f42200c relative=0x000000000000008c
Event: 3.859 Thread 0x00000213f87460e0 Uncommon trap: reason=unstable_if action=reinterpret pc=0x000002138f42200c method=org.apache.maven.model.validation.DefaultModelValidator.isValidIdCharacter(C)Z @ 51 c2
Event: 3.859 Thread 0x00000213f87460e0 DEOPT PACKING pc=0x000002138f42200c sp=0x00000066174fdfb0
Event: 3.859 Thread 0x00000213f87460e0 DEOPT UNPACKING pc=0x00000213878c23a3 sp=0x00000066174fdf38 mode 2

Classes loaded (20 events):
Event: 3.332 Loading class java/util/regex/Pattern$Pos
Event: 3.333 Loading class java/util/regex/Pattern$Pos done
Event: 3.445 Loading class sun/util/resources/LocaleData$CommonResourceBundleProvider
Event: 3.445 Loading class sun/util/resources/LocaleData$LocaleDataResourceBundleProvider
Event: 3.445 Loading class java/util/spi/ResourceBundleProvider
Event: 3.445 Loading class java/util/spi/ResourceBundleProvider done
Event: 3.445 Loading class sun/util/resources/LocaleData$LocaleDataResourceBundleProvider done
Event: 3.445 Loading class sun/util/resources/LocaleData$CommonResourceBundleProvider done
Event: 3.446 Loading class sun/util/resources/Bundles$2
Event: 3.446 Loading class sun/util/resources/Bundles$2 done
Event: 3.507 Loading class java/math/BigDecimal
Event: 3.508 Loading class java/math/BigDecimal done
Event: 3.509 Loading class java/lang/Short$ShortCache
Event: 3.509 Loading class java/lang/Short$ShortCache done
Event: 3.509 Loading class java/lang/Byte$ByteCache
Event: 3.510 Loading class java/lang/Byte$ByteCache done
Event: 3.522 Loading class sun/invoke/util/ValueConversions$1
Event: 3.522 Loading class sun/invoke/util/ValueConversions$1 done
Event: 3.523 Loading class java/lang/invoke/BoundMethodHandle$Species_LI
Event: 3.523 Loading class java/lang/invoke/BoundMethodHandle$Species_LI done

Classes unloaded (0 events):
No events

Classes redefined (0 events):
No events

Internal exceptions (20 events):
Event: 1.544 Thread 0x00000213f87460e0 Exception <a 'java/lang/NoSuchMethodError'{0x0000000088b707a8}: 'java.lang.Object java.lang.invoke.DirectMethodHandle$Holder.newInvokeSpecial(java.lang.Object, java.lang.Object, java.lang.Object, java.lang.Object, java.lang.Object)'> (0x0000000088b707a8) 
thrown [s\open\src\hotspot\share\interpreter\linkResolver.cpp, line 766]
Event: 1.645 Thread 0x00000213f87460e0 Exception <a 'java/lang/NoClassDefFoundError'{0x0000000088af3ca0}: javax/enterprise/inject/Typed> (0x0000000088af3ca0) 
thrown [s\open\src\hotspot\share\classfile\systemDictionary.cpp, line 244]
Event: 2.946 Thread 0x00000213f87460e0 Exception <a 'java/lang/NoSuchMethodError'{0x00000000872fb238}: 'void java.lang.invoke.Invokers$Holder.invokeExact_MT(java.lang.Object, java.lang.Object, java.lang.Object, java.lang.Object)'> (0x00000000872fb238) 
thrown [s\open\src\hotspot\share\interpreter\linkResolver.cpp, line 766]
Event: 2.982 Thread 0x00000213f87460e0 Exception <a 'java/lang/NoClassDefFoundError'{0x000000008718e7a8}: com/google/inject/servlet/ServletModuleTargetVisitor> (0x000000008718e7a8) 
thrown [s\open\src\hotspot\share\classfile\systemDictionary.cpp, line 244]
Event: 3.038 Thread 0x00000213f87460e0 Exception <a 'java/lang/NoSuchMethodError'{0x0000000087082be0}: 'java.lang.Object java.lang.invoke.DirectMethodHandle$Holder.invokeStatic(java.lang.Object, java.lang.Object, int)'> (0x0000000087082be0) 
thrown [s\open\src\hotspot\share\interpreter\linkResolver.cpp, line 766]
Event: 3.039 Thread 0x00000213f87460e0 Exception <a 'java/lang/NoSuchMethodError'{0x00000000870880b0}: 'void java.lang.invoke.DirectMethodHandle$Holder.invokeStatic(java.lang.Object, java.lang.Object, int, java.lang.Object)'> (0x00000000870880b0) 
thrown [s\open\src\hotspot\share\interpreter\linkResolver.cpp, line 766]
Event: 3.040 Thread 0x00000213f87460e0 Exception <a 'java/lang/NoSuchMethodError'{0x0000000087090050}: 'void java.lang.invoke.DelegatingMethodHandle$Holder.delegate(java.lang.Object, java.lang.Object, int, java.lang.Object)'> (0x0000000087090050) 
thrown [s\open\src\hotspot\share\interpreter\linkResolver.cpp, line 766]
Event: 3.041 Thread 0x00000213f87460e0 Exception <a 'java/lang/NoSuchMethodError'{0x0000000087094c20}: 'int java.lang.invoke.DirectMethodHandle$Holder.invokeSpecial(java.lang.Object, java.lang.Object, java.lang.Object)'> (0x0000000087094c20) 
thrown [s\open\src\hotspot\share\interpreter\linkResolver.cpp, line 766]
Event: 3.095 Thread 0x00000213f87460e0 Exception <a 'java/lang/NoSuchMethodError'{0x0000000088de9038}: 'java.lang.Object java.lang.invoke.DirectMethodHandle$Holder.newInvokeSpecial(java.lang.Object, java.lang.Object, java.lang.Object, java.lang.Object, java.lang.Object, java.lang.Object, java.lang.Object)'> (0x0000000088de9038) 
thrown [s\open\src\hotspot\share\interpreter\linkResolver.cpp, line 766]
Event: 3.109 Thread 0x00000213f87460e0 Exception <a 'java/lang/NoSuchMethodError'{0x0000000088c28170}: 'java.lang.Object java.lang.invoke.DirectMethodHandle$Holder.newInvokeSpecial(java.lang.Object, java.lang.Object, java.lang.Object, java.lang.Object, java.lang.Object, java.lang.Object, java.lang.Object, java.lang.Object, java.lang.Object)'> (0x0000000088c28170) 
thrown [s\open\src\hotspot\share\interpreter\linkResolver.cpp, line 766]
Event: 3.110 Thread 0x00000213f87460e0 Exception <a 'java/lang/NoSuchMethodError'{0x0000000088c2e480}: 'java.lang.Object java.lang.invoke.DirectMethodHandle$Holder.invokeSpecial(java.lang.Object, java.lang.Object, java.lang.Object, java.lang.Object, java.lang.Object, java.lang.Object, java.lang.Object, java.lang.Object, java.lang.Object, java.lang.Object)'> (0x0000000088c2e480) 
thrown [s\open\src\hotspot\share\interpreter\linkResolver.cpp, line 766]
Event: 3.150 Thread 0x00000213f87460e0 Exception <a 'java/lang/NoSuchMethodError'{0x0000000088cd78c8}: 'java.lang.Object java.lang.invoke.DirectMethodHandle$Holder.newInvokeSpecial(java.lang.Object, java.lang.Object, java.lang.Object, java.lang.Object, java.lang.Object, java.lang.Object, java.lang.Object, java.lang.Object, java.lang.Object, java.lang.Object, java.lang.Object, java.lang.Object)'> (0x0000000088cd78c8) 
thrown [s\open\src\hotspot\share\interpreter\linkResolver.cpp, line 766]
Event: 3.151 Thread 0x00000213f87460e0 Exception <a 'java/lang/NoSuchMethodError'{0x0000000088cdd9f8}: 'java.lang.Object java.lang.invoke.DirectMethodHandle$Holder.invokeSpecial(java.lang.Object, java.lang.Object, java.lang.Object, java.lang.Object, java.lang.Object, java.lang.Object, java.lang.Object, java.lang.Object, java.lang.Object, java.lang.Object, java.lang.Object, java.lang.Object, java.lang.Object)'> (0x0000000088cdd9f8) 
thrown [s\open\src\hotspot\share\interpreter\linkResolver.cpp, line 766]
Event: 3.170 Thread 0x00000213f87460e0 Exception <a 'java/lang/NoSuchMethodError'{0x0000000088b56b18}: 'java.lang.Object java.lang.invoke.DirectMethodHandle$Holder.invokeStaticInit(java.lang.Object, int, int, int, int)'> (0x0000000088b56b18) 
thrown [s\open\src\hotspot\share\interpreter\linkResolver.cpp, line 766]
Event: 3.366 Thread 0x00000213f87460e0 Implicit null exception at 0x000002138f3cc5d2 to 0x000002138f3cca94
Event: 3.366 Thread 0x00000213f87460e0 Implicit null exception at 0x000002138f371d52 to 0x000002138f372208
Event: 3.522 Thread 0x00000213f87460e0 Exception <a 'java/lang/NoSuchMethodError'{0x000000008838ed50}: 'void java.lang.invoke.DirectMethodHandle$Holder.invokeVirtual(java.lang.Object, java.lang.Object, int)'> (0x000000008838ed50) 
thrown [s\open\src\hotspot\share\interpreter\linkResolver.cpp, line 766]
Event: 3.522 Thread 0x00000213f87460e0 Exception <a 'java/lang/NoSuchMethodError'{0x00000000883931f0}: 'int java.lang.invoke.DirectMethodHandle$Holder.invokeSpecial(java.lang.Object, java.lang.Object, java.lang.Object, int)'> (0x00000000883931f0) 
thrown [s\open\src\hotspot\share\interpreter\linkResolver.cpp, line 766]
Event: 3.525 Thread 0x00000213f87460e0 Exception <a 'java/lang/NoSuchMethodError'{0x00000000883a5e38}: 'java.lang.Object java.lang.invoke.DirectMethodHandle$Holder.invokeStatic(java.lang.Object, java.lang.Object, java.lang.Object, java.lang.Object, int)'> (0x00000000883a5e38) 
thrown [s\open\src\hotspot\share\interpreter\linkResolver.cpp, line 766]
Event: 3.527 Thread 0x00000213f87460e0 Exception <a 'java/lang/NoSuchMethodError'{0x00000000883b1778}: 'void java.lang.invoke.DelegatingMethodHandle$Holder.reinvoke_L(java.lang.Object, java.lang.Object, int)'> (0x00000000883b1778) 
thrown [s\open\src\hotspot\share\interpreter\linkResolver.cpp, line 766]

VM Operations (20 events):
Event: 2.809 Executing VM operation: HandshakeAllThreads
Event: 2.810 Executing VM operation: HandshakeAllThreads done
Event: 2.905 Executing VM operation: ICBufferFull
Event: 2.906 Executing VM operation: ICBufferFull done
Event: 2.935 Executing VM operation: HandshakeAllThreads
Event: 2.936 Executing VM operation: HandshakeAllThreads done
Event: 3.038 Executing VM operation: HandshakeAllThreads
Event: 3.038 Executing VM operation: HandshakeAllThreads done
Event: 3.060 Executing VM operation: G1CollectForAllocation
Event: 3.067 Executing VM operation: G1CollectForAllocation done
Event: 3.193 Executing VM operation: HandshakeAllThreads
Event: 3.193 Executing VM operation: HandshakeAllThreads done
Event: 3.253 Executing VM operation: HandshakeAllThreads
Event: 3.253 Executing VM operation: HandshakeAllThreads done
Event: 3.325 Executing VM operation: HandshakeAllThreads
Event: 3.325 Executing VM operation: HandshakeAllThreads done
Event: 3.331 Executing VM operation: HandshakeAllThreads
Event: 3.331 Executing VM operation: HandshakeAllThreads done
Event: 3.721 Executing VM operation: ICBufferFull
Event: 3.722 Executing VM operation: ICBufferFull done

Events (20 events):
Event: 0.082 Thread 0x00000213ff77c8e0 Thread added: 0x00000213ff77c8e0
Event: 0.082 Thread 0x00000213ff77d540 Thread added: 0x00000213ff77d540
Event: 0.108 Thread 0x00000213ff79a550 Thread added: 0x00000213ff79a550
Event: 0.109 Thread 0x00000213ff79be10 Thread added: 0x00000213ff79be10
Event: 0.109 Thread 0x00000213ff79c7b0 Thread added: 0x00000213ff79c7b0
Event: 0.109 Thread 0x00000213ff79d150 Thread added: 0x00000213ff79d150
Event: 0.109 Thread 0x00000213ff79de20 Thread added: 0x00000213ff79de20
Event: 0.114 Thread 0x00000213ff8043f0 Thread added: 0x00000213ff8043f0
Event: 0.115 Thread 0x00000213ff8069f0 Thread added: 0x00000213ff8069f0
Event: 0.175 Thread 0x000002139cc7f120 Thread added: 0x000002139cc7f120
Event: 0.179 Thread 0x000002139cc870d0 Thread added: 0x000002139cc870d0
Event: 0.188 Loaded shared library C:\Program Files\Java\jdk-18.0.1.1\bin\net.dll
Event: 0.191 Loaded shared library C:\Program Files\Java\jdk-18.0.1.1\bin\nio.dll
Event: 0.196 Loaded shared library C:\Program Files\Java\jdk-18.0.1.1\bin\zip.dll
Event: 0.206 Loaded shared library C:\Program Files\Java\jdk-18.0.1.1\bin\jimage.dll
Event: 0.632 Loaded shared library C:\Users\atena\AppData\Local\Temp\jansi-2.4.0-dced07f2246f49d9-jansi.dll
Event: 0.653 Loaded shared library C:\Program Files\Java\jdk-18.0.1.1\bin\verify.dll
Event: 1.682 Thread 0x000002139d145c40 Thread added: 0x000002139d145c40
Event: 2.428 Thread 0x000002139d145c40 Thread exited: 0x000002139d145c40
Event: 2.968 Thread 0x000002139d861c00 Thread added: 0x000002139d861c00


Dynamic libraries:
0x00007ff71c9d0000 - 0x00007ff71c9e0000 	C:\Program Files\Java\jdk-18.0.1.1\bin\java.exe
0x00007ff9ed290000 - 0x00007ff9ed488000 	C:\WINDOWS\SYSTEM32\ntdll.dll
0x00007ff9ebdf0000 - 0x00007ff9ebead000 	C:\WINDOWS\System32\KERNEL32.DLL
0x00007ff9eac70000 - 0x00007ff9eaf3e000 	C:\WINDOWS\System32\KERNELBASE.dll
0x00007ff9eb010000 - 0x00007ff9eb110000 	C:\WINDOWS\System32\ucrtbase.dll
0x00007ff9e5650000 - 0x00007ff9e566a000 	C:\Program Files\Java\jdk-18.0.1.1\bin\VCRUNTIME140.dll
0x00007ff9cb120000 - 0x00007ff9cb138000 	C:\Program Files\Java\jdk-18.0.1.1\bin\jli.dll
0x00007ff9eb880000 - 0x00007ff9eb92e000 	C:\WINDOWS\System32\ADVAPI32.dll
0x00007ff9ecc70000 - 0x00007ff9ecd0e000 	C:\WINDOWS\System32\msvcrt.dll
0x00007ff9ec480000 - 0x00007ff9ec51c000 	C:\WINDOWS\System32\sechost.dll
0x00007ff9ed000000 - 0x00007ff9ed125000 	C:\WINDOWS\System32\RPCRT4.dll
0x00007ff9eb2f0000 - 0x00007ff9eb490000 	C:\WINDOWS\System32\USER32.dll
0x00007ff9eaf40000 - 0x00007ff9eaf62000 	C:\WINDOWS\System32\win32u.dll
0x00007ff9ec450000 - 0x00007ff9ec47a000 	C:\WINDOWS\System32\GDI32.dll
0x00007ff9eab60000 - 0x00007ff9eac6b000 	C:\WINDOWS\System32\gdi32full.dll
0x00007ff9eaf70000 - 0x00007ff9eb00d000 	C:\WINDOWS\System32\msvcp_win.dll
0x00007ff9d89e0000 - 0x00007ff9d8c7a000 	C:\WINDOWS\WinSxS\amd64_microsoft.windows.common-controls_6595b64144ccf1df_6.0.19041.1110_none_60b5254171f9507e\COMCTL32.dll
0x00007ff9e1bd0000 - 0x00007ff9e1bda000 	C:\WINDOWS\SYSTEM32\VERSION.dll
0x00007ff9eb4f0000 - 0x00007ff9eb520000 	C:\WINDOWS\System32\IMM32.DLL
0x00007ff9e5cc0000 - 0x00007ff9e5ccc000 	C:\Program Files\Java\jdk-18.0.1.1\bin\vcruntime140_1.dll
0x00007ff9aca80000 - 0x00007ff9acb0d000 	C:\Program Files\Java\jdk-18.0.1.1\bin\msvcp140.dll
0x00007ff9a3f30000 - 0x00007ff9a4b40000 	C:\Program Files\Java\jdk-18.0.1.1\bin\server\jvm.dll
0x00007ff9ebd50000 - 0x00007ff9ebd58000 	C:\WINDOWS\System32\PSAPI.DLL
0x00007ff9c6830000 - 0x00007ff9c6839000 	C:\WINDOWS\SYSTEM32\WSOCK32.dll
0x00007ff9ed130000 - 0x00007ff9ed19b000 	C:\WINDOWS\System32\WS2_32.dll
0x00007ff9e1b10000 - 0x00007ff9e1b37000 	C:\WINDOWS\SYSTEM32\WINMM.dll
0x00007ff9e88d0000 - 0x00007ff9e88e2000 	C:\WINDOWS\SYSTEM32\kernel.appcore.dll
0x00007ff9e5a60000 - 0x00007ff9e5a6a000 	C:\Program Files\Java\jdk-18.0.1.1\bin\jimage.dll
0x00007ff9e03a0000 - 0x00007ff9e0584000 	C:\WINDOWS\SYSTEM32\DBGHELP.DLL
0x00007ff9e0010000 - 0x00007ff9e003c000 	C:\WINDOWS\SYSTEM32\dbgcore.DLL
0x00007ff9eb110000 - 0x00007ff9eb192000 	C:\WINDOWS\System32\bcryptPrimitives.dll
0x00007ff9dce70000 - 0x00007ff9dce95000 	C:\Program Files\Java\jdk-18.0.1.1\bin\java.dll
0x00007ff9a8720000 - 0x00007ff9a87f6000 	C:\Program Files\Java\jdk-18.0.1.1\bin\jsvml.dll
0x00007ff9ec520000 - 0x00007ff9ecc64000 	C:\WINDOWS\System32\SHELL32.dll
0x00007ff9e8ad0000 - 0x00007ff9e9264000 	C:\WINDOWS\SYSTEM32\windows.storage.dll
0x00007ff9eb520000 - 0x00007ff9eb874000 	C:\WINDOWS\System32\combase.dll
0x00007ff9ea340000 - 0x00007ff9ea370000 	C:\WINDOWS\SYSTEM32\Wldp.dll
0x00007ff9ed1a0000 - 0x00007ff9ed24d000 	C:\WINDOWS\System32\SHCORE.dll
0x00007ff9eb950000 - 0x00007ff9eb9a5000 	C:\WINDOWS\System32\shlwapi.dll
0x00007ff9ea8f0000 - 0x00007ff9ea90f000 	C:\WINDOWS\SYSTEM32\profapi.dll
0x00007ff9e5630000 - 0x00007ff9e5643000 	C:\Program Files\Java\jdk-18.0.1.1\bin\net.dll
0x00007ff9dedc0000 - 0x00007ff9deeca000 	C:\WINDOWS\SYSTEM32\WINHTTP.dll
0x00007ff9ea0a0000 - 0x00007ff9ea10a000 	C:\WINDOWS\system32\mswsock.dll
0x00007ff9e5510000 - 0x00007ff9e5526000 	C:\Program Files\Java\jdk-18.0.1.1\bin\nio.dll
0x00007ff9e3f40000 - 0x00007ff9e3f58000 	C:\Program Files\Java\jdk-18.0.1.1\bin\zip.dll
0x0000000069ac0000 - 0x0000000069ae4000 	C:\Users\atena\AppData\Local\Temp\jansi-2.4.0-dced07f2246f49d9-jansi.dll
0x00007ff9e5780000 - 0x00007ff9e5790000 	C:\Program Files\Java\jdk-18.0.1.1\bin\verify.dll

dbghelp: loaded successfully - version: 4.0.5 - missing functions: none
symbol engine: initialized successfully - sym options: 0x614 - pdb path: .;C:\Program Files\Java\jdk-18.0.1.1\bin;C:\WINDOWS\SYSTEM32;C:\WINDOWS\WinSxS\amd64_microsoft.windows.common-controls_6595b64144ccf1df_6.0.19041.1110_none_60b5254171f9507e;C:\Program Files\Java\jdk-18.0.1.1\bin\server;C:\Users\atena\AppData\Local\Temp

VM Arguments:
jvm_args: -Dmaven.multiModuleProjectDirectory=C:\Users\atena\OneDrive\Escritorio\PortfolioArgProg\PorfolioArgProg\backend\porfolio\porfolio 
java_command: org.apache.maven.wrapper.MavenWrapperMain -Dexec.vmArgs= -Dexec.args=${exec.vmArgs} -classpath %classpath ${exec.mainClass} ${exec.appArgs} -Dexec.executable=C:\Program Files\Java\jdk-18.0.1.1\bin\java.exe -Dexec.mainClass=com.Argprog.porfolio.PorfolioApplication -Dexec.classpathScope=runtime -Dexec.appArgs= -Dmaven.ext.class.path=C:\Program Files\NetBeans-14\netbeans\java\maven-nblib\netbeans-eventspy.jar org.codehaus.mojo:exec-maven-plugin:3.0.0:exec
java_class_path (initial): C:\Users\atena\OneDrive\Escritorio\PortfolioArgProg\PorfolioArgProg\backend\porfolio\porfolio\.mvn\wrapper\maven-wrapper.jar
Launcher Type: SUN_STANDARD

[Global flags]
     intx CICompilerCount                          = 3                                         {product} {ergonomic}
     uint ConcGCThreads                            = 1                                         {product} {ergonomic}
     uint G1ConcRefinementThreads                  = 4                                         {product} {ergonomic}
   size_t G1HeapRegionSize                         = 1048576                                   {product} {ergonomic}
    uintx GCDrainStackTargetSize                   = 64                                        {product} {ergonomic}
   size_t InitialHeapSize                          = 134217728                                 {product} {ergonomic}
   size_t MarkStackSize                            = 4194304                                   {product} {ergonomic}
   size_t MaxHeapSize                              = 2132803584                                {product} {ergonomic}
   size_t MaxNewSize                               = 1279262720                                {product} {ergonomic}
   size_t MinHeapDeltaBytes                        = 1048576                                   {product} {ergonomic}
   size_t MinHeapSize                              = 8388608                                   {product} {ergonomic}
    uintx NonNMethodCodeHeapSize                   = 5832780                                {pd product} {ergonomic}
    uintx NonProfiledCodeHeapSize                  = 122912730                              {pd product} {ergonomic}
    uintx ProfiledCodeHeapSize                     = 122912730                              {pd product} {ergonomic}
    uintx ReservedCodeCacheSize                    = 251658240                              {pd product} {ergonomic}
     bool SegmentedCodeCache                       = true                                      {product} {ergonomic}
   size_t SoftMaxHeapSize                          = 2132803584                             {manageable} {ergonomic}
     bool UseCompressedClassPointers               = true                           {product lp64_product} {ergonomic}
     bool UseCompressedOops                        = true                           {product lp64_product} {ergonomic}
     bool UseG1GC                                  = true                                      {product} {ergonomic}
     bool UseLargePagesIndividualAllocation        = false                                  {pd product} {ergonomic}

Logging:
Log output configuration:
 #0: stdout all=warning uptime,level,tags foldmultilines=false
 #1: stderr all=off uptime,level,tags foldmultilines=false

Environment Variables:
JAVA_HOME=C:\Program Files\Java\jdk-18.0.1.1
PATH=C:\WINDOWS\system32;C:\WINDOWS;C:\WINDOWS\system32\Wbem;C:\Program Files\Common Files\Oracle\Java\javapath;C:\Python310\Scripts\;C:\Python310\;C:\ProgramData\Oracle\Java\javapath;C:\WINDOWS\System32\WindowsPowerShell\v1.0\;C:\WINDOWS\System32\OpenSSH\;E:\Git\cmd;C:\ProgramData\chocolatey\bin;E:\Program Files\nodejs\;C:\maven\bin;C:\Program Files\Java\jdk-18.0.1.1\bin;C:\Program Files\MySQL\MySQL Shell 8.0\bin\;C:\Users\atena\AppData\Local\Microsoft\WindowsApps;;E:\Microsoft VS Code\bin;C:\Users\atena\AppData\Roaming\npm;C:\Program Files\JetBrains\IntelliJ IDEA Community Edition 2022.1.3\bin;
USERNAME=atena
OS=Windows_NT
PROCESSOR_IDENTIFIER=AMD64 Family 21 Model 56 Stepping 1, AuthenticAMD



---------------  S Y S T E M  ---------------

OS:
 Windows 10 , 64 bit Build 19041 (10.0.19041.1806)
OS uptime: 0 days 17:41 hours

CPU: total 4 (initial active 4) (4 cores per cpu, 1 threads per core) family 21 model 56 stepping 1 microcode 0x0, cx8, cmov, fxsr, mmx, 3dnowpref, sse, sse2, sse3, ssse3, sse4a, sse4.1, sse4.2, popcnt, lzcnt, tsc, tscinvbit, avx, aes, clmul, bmi1, fma, vzeroupper, clflush

Memory: 4k page, system-wide physical 8128M (1077M free)
TotalPageFile size 10040M (AvailPageFile size 5M)
current process WorkingSet (physical memory assigned to process): 108M, peak: 108M
current process commit charge ("private bytes"): 234M, peak: 234M

vm_info: Java HotSpot(TM) 64-Bit Server VM (18.0.1.1+2-6) for windows-amd64 JRE (18.0.1.1+2-6), built on Apr 25 2022 21:53:15 by "mach5one" with MS VC++ 16.8 / 16.9 (VS2019)

END.
