#
# There is insufficient memory for the Java Runtime Environment to continue.
# Native memory allocation (mmap) failed to map 134217728 bytes for G1 virtual space
# Possible reasons:
#   The system is out of physical RAM or swap space
#   The process is running with CompressedOops enabled, and the Java Heap may be blocking the growth of the native heap
# Possible solutions:
#   Reduce memory load on the system
#   Increase physical memory or swap space
#   Check if swap backing store is full
#   Decrease Java heap size (-Xmx/-Xms)
#   Decrease number of Java threads
#   Decrease Java thread stack sizes (-Xss)
#   Set larger code cache with -XX:ReservedCodeCacheSize=
#   JVM is running with Unscaled Compressed Oops mode in which the Java heap is
#     placed in the first 4GB address space. The Java Heap base address is the
#     maximum limit for the native heap growth. Please use -XX:HeapBaseMinAddress
#     to set the Java Heap base and to place the Java Heap above 4GB virtual address.
# This output file may be truncated or incomplete.
#
#  Out of Memory Error (os_windows.cpp:3530), pid=14800, tid=10892
#
# JRE version:  (18.0.1.1+2) (build )
# Java VM: Java HotSpot(TM) 64-Bit Server VM (18.0.1.1+2-6, mixed mode, sharing, tiered, compressed oops, compressed class ptrs, g1 gc, windows-amd64)
# No core dump will be written. Minidumps are not enabled by default on client versions of Windows
#

---------------  S U M M A R Y ------------

Command Line: -Dmaven.multiModuleProjectDirectory=C:\Users\atena\OneDrive\Escritorio\PortfolioArgProg\PorfolioArgProg\backend\porfolio\porfolio org.apache.maven.wrapper.MavenWrapperMain -Dexec.vmArgs= -Dexec.args=${exec.vmArgs} -classpath %classpath ${exec.mainClass} ${exec.appArgs} -Dexec.executable=C:\Program Files\Java\jdk-18.0.1.1\bin\java.exe -Dexec.mainClass=com.Argprog.porfolio.PorfolioApplication -Dexec.classpathScope=runtime -Dexec.appArgs= -Dmaven.ext.class.path=C:\Program Files\NetBeans-14\netbeans\java\maven-nblib\netbeans-eventspy.jar org.codehaus.mojo:exec-maven-plugin:3.0.0:exec

Host: AMD A10-7890K Radeon R7, 12 Compute Cores 4C+8G, 4 cores, 7G,  Windows 10 , 64 bit Build 19041 (10.0.19041.1806)
Time: Fri Aug  5 01:55:59 2022 Hora estándar de Argentina elapsed time: 0.016214 seconds (0d 0h 0m 0s)

---------------  T H R E A D  ---------------

Current thread (0x000001b6f4a233d0):  JavaThread "Unknown thread" [_thread_in_vm, id=10892, stack(0x0000002b94c00000,0x0000002b94d00000)]

Stack: [0x0000002b94c00000,0x0000002b94d00000]
Native frames: (J=compiled Java code, j=interpreted, Vv=VM code, C=native code)
V  [jvm.dll+0x69887a]
V  [jvm.dll+0x7f38bd]
V  [jvm.dll+0x7f51ce]
V  [jvm.dll+0x7f5883]
V  [jvm.dll+0x25ca3f]
V  [jvm.dll+0x6957c9]
V  [jvm.dll+0x68a2fa]
V  [jvm.dll+0x321efb]
V  [jvm.dll+0x3298d6]
V  [jvm.dll+0x37e47e]
V  [jvm.dll+0x37e6af]
V  [jvm.dll+0x2f9c7a]
V  [jvm.dll+0x2facdd]
V  [jvm.dll+0x7c24f0]
V  [jvm.dll+0x38b801]
V  [jvm.dll+0x7a1203]
V  [jvm.dll+0x40d6bf]
V  [jvm.dll+0x40f091]
C  [jli.dll+0x526b]
C  [ucrtbase.dll+0x21bb2]
C  [KERNEL32.DLL+0x17034]
C  [ntdll.dll+0x52651]


---------------  P R O C E S S  ---------------

Threads class SMR info:
_java_thread_list=0x00007ff9a4a0d550, length=0, elements={
}

Java Threads: ( => current thread )

Other Threads:
  0x000001b6f4a82680 WorkerThread "GC Thread#0" [stack: 0x0000002b94d00000,0x0000002b94e00000] [id=16264]
  0x000001b6f4a94400 ConcurrentGCThread "G1 Main Marker" [stack: 0x0000002b94e00000,0x0000002b94f00000] [id=8340]
  0x000001b6f4a965a0 WorkerThread "G1 Conc#0" [stack: 0x0000002b94f00000,0x0000002b95000000] [id=14248]

[error occurred during error reporting (printing all threads), id 0xc0000005, EXCEPTION_ACCESS_VIOLATION (0xc0000005) at pc=0x00007ff9a423a217]

VM state: not at safepoint (not fully initialized)

VM Mutex/Monitor currently owned by a thread:  ([mutex/lock_event])
[0x000001b6f4a1f190] Heap_lock - owner thread: 0x000001b6f4a233d0

Heap address: 0x0000000080e00000, size: 2034 MB, Compressed Oops mode: 32-bit

CDS archive(s) mapped at: [0x0000000000000000-0x0000000000000000-0x0000000000000000), size 0, SharedBaseAddress: 0x0000000800000000, ArchiveRelocationMode: 0.
Narrow klass base: 0x0000000000000000, Narrow klass shift: 0, Narrow klass range: 0x0

GC Precious Log:
 CardTable entry size: 512
 Card Set container configuration: InlinePtr #cards 5 size 8 Array Of Cards #cards 12 size 40 Howl #buckets 4 coarsen threshold 1843 Howl Bitmap #cards 512 size 80 coarsen threshold 460 Card regions per heap region 1 cards per card region 2048

Heap:
 garbage-first heap   total 0K, used 0K [0x0000000080e00000, 0x0000000100000000)
  region size 1024K, 0 young (0K), 0 survivors (0K)

[error occurred during error reporting (printing heap information), id 0xc0000005, EXCEPTION_ACCESS_VIOLATION (0xc0000005) at pc=0x00007ff9a4620cb9]

GC Heap History (0 events):
No events

Deoptimization events (0 events):
No events

Classes loaded (0 events):
No events

Classes unloaded (0 events):
No events

Classes redefined (0 events):
No events

Internal exceptions (0 events):
No events

VM Operations (0 events):
No events

Events (1 events):
Event: 0.009 Loaded shared library C:\Program Files\Java\jdk-18.0.1.1\bin\java.dll


Dynamic libraries:
0x00007ff71c9d0000 - 0x00007ff71c9e0000 	C:\Program Files\Java\jdk-18.0.1.1\bin\java.exe
0x00007ff9ed290000 - 0x00007ff9ed488000 	C:\WINDOWS\SYSTEM32\ntdll.dll
0x00007ff9ebdf0000 - 0x00007ff9ebead000 	C:\WINDOWS\System32\KERNEL32.DLL
0x00007ff9eac70000 - 0x00007ff9eaf3e000 	C:\WINDOWS\System32\KERNELBASE.dll
0x00007ff9eb010000 - 0x00007ff9eb110000 	C:\WINDOWS\System32\ucrtbase.dll
0x00007ff9e5650000 - 0x00007ff9e566a000 	C:\Program Files\Java\jdk-18.0.1.1\bin\VCRUNTIME140.dll
0x00007ff9cb120000 - 0x00007ff9cb138000 	C:\Program Files\Java\jdk-18.0.1.1\bin\jli.dll
0x00007ff9eb880000 - 0x00007ff9eb92e000 	C:\WINDOWS\System32\ADVAPI32.dll
0x00007ff9ecc70000 - 0x00007ff9ecd0e000 	C:\WINDOWS\System32\msvcrt.dll
0x00007ff9ec480000 - 0x00007ff9ec51c000 	C:\WINDOWS\System32\sechost.dll
0x00007ff9ed000000 - 0x00007ff9ed125000 	C:\WINDOWS\System32\RPCRT4.dll
0x00007ff9eb2f0000 - 0x00007ff9eb490000 	C:\WINDOWS\System32\USER32.dll
0x00007ff9eaf40000 - 0x00007ff9eaf62000 	C:\WINDOWS\System32\win32u.dll
0x00007ff9d89e0000 - 0x00007ff9d8c7a000 	C:\WINDOWS\WinSxS\amd64_microsoft.windows.common-controls_6595b64144ccf1df_6.0.19041.1110_none_60b5254171f9507e\COMCTL32.dll
0x00007ff9ec450000 - 0x00007ff9ec47a000 	C:\WINDOWS\System32\GDI32.dll
0x00007ff9eab60000 - 0x00007ff9eac6b000 	C:\WINDOWS\System32\gdi32full.dll
0x00007ff9eaf70000 - 0x00007ff9eb00d000 	C:\WINDOWS\System32\msvcp_win.dll
0x00007ff9e1bd0000 - 0x00007ff9e1bda000 	C:\WINDOWS\SYSTEM32\VERSION.dll
0x00007ff9eb4f0000 - 0x00007ff9eb520000 	C:\WINDOWS\System32\IMM32.DLL
0x00007ff9e5cc0000 - 0x00007ff9e5ccc000 	C:\Program Files\Java\jdk-18.0.1.1\bin\vcruntime140_1.dll
0x00007ff9aca80000 - 0x00007ff9acb0d000 	C:\Program Files\Java\jdk-18.0.1.1\bin\msvcp140.dll
0x00007ff9a3f30000 - 0x00007ff9a4b40000 	C:\Program Files\Java\jdk-18.0.1.1\bin\server\jvm.dll
0x00007ff9ebd50000 - 0x00007ff9ebd58000 	C:\WINDOWS\System32\PSAPI.DLL
0x00007ff9e1b10000 - 0x00007ff9e1b37000 	C:\WINDOWS\SYSTEM32\WINMM.dll
0x00007ff9c6830000 - 0x00007ff9c6839000 	C:\WINDOWS\SYSTEM32\WSOCK32.dll
0x00007ff9ed130000 - 0x00007ff9ed19b000 	C:\WINDOWS\System32\WS2_32.dll
0x00007ff9e88d0000 - 0x00007ff9e88e2000 	C:\WINDOWS\SYSTEM32\kernel.appcore.dll
0x00007ff9e5a60000 - 0x00007ff9e5a6a000 	C:\Program Files\Java\jdk-18.0.1.1\bin\jimage.dll
0x00007ff9e03a0000 - 0x00007ff9e0584000 	C:\WINDOWS\SYSTEM32\DBGHELP.DLL
0x00007ff9e0010000 - 0x00007ff9e003c000 	C:\WINDOWS\SYSTEM32\dbgcore.DLL
0x00007ff9eb110000 - 0x00007ff9eb192000 	C:\WINDOWS\System32\bcryptPrimitives.dll
0x00007ff9dce70000 - 0x00007ff9dce95000 	C:\Program Files\Java\jdk-18.0.1.1\bin\java.dll

dbghelp: loaded successfully - version: 4.0.5 - missing functions: none
symbol engine: initialized successfully - sym options: 0x614 - pdb path: .;C:\Program Files\Java\jdk-18.0.1.1\bin;C:\WINDOWS\SYSTEM32;C:\WINDOWS\WinSxS\amd64_microsoft.windows.common-controls_6595b64144ccf1df_6.0.19041.1110_none_60b5254171f9507e;C:\Program Files\Java\jdk-18.0.1.1\bin\server

VM Arguments:
jvm_args: -Dmaven.multiModuleProjectDirectory=C:\Users\atena\OneDrive\Escritorio\PortfolioArgProg\PorfolioArgProg\backend\porfolio\porfolio 
java_command: org.apache.maven.wrapper.MavenWrapperMain -Dexec.vmArgs= -Dexec.args=${exec.vmArgs} -classpath %classpath ${exec.mainClass} ${exec.appArgs} -Dexec.executable=C:\Program Files\Java\jdk-18.0.1.1\bin\java.exe -Dexec.mainClass=com.Argprog.porfolio.PorfolioApplication -Dexec.classpathScope=runtime -Dexec.appArgs= -Dmaven.ext.class.path=C:\Program Files\NetBeans-14\netbeans\java\maven-nblib\netbeans-eventspy.jar org.codehaus.mojo:exec-maven-plugin:3.0.0:exec
java_class_path (initial): C:\Users\atena\OneDrive\Escritorio\PortfolioArgProg\PorfolioArgProg\backend\porfolio\porfolio\.mvn\wrapper\maven-wrapper.jar
Launcher Type: SUN_STANDARD

[Global flags]
     intx CICompilerCount                          = 3                                         {product} {ergonomic}
     uint ConcGCThreads                            = 1                                         {product} {ergonomic}
     uint G1ConcRefinementThreads                  = 4                                         {product} {ergonomic}
   size_t G1HeapRegionSize                         = 1048576                                   {product} {ergonomic}
    uintx GCDrainStackTargetSize                   = 64                                        {product} {ergonomic}
   size_t InitialHeapSize                          = 134217728                                 {product} {ergonomic}
   size_t MarkStackSize                            = 4194304                                   {product} {ergonomic}
   size_t MaxHeapSize                              = 2132803584                                {product} {ergonomic}
   size_t MinHeapDeltaBytes                        = 1048576                                   {product} {ergonomic}
   size_t MinHeapSize                              = 8388608                                   {product} {ergonomic}
    uintx NonNMethodCodeHeapSize                   = 5832780                                {pd product} {ergonomic}
    uintx NonProfiledCodeHeapSize                  = 122912730                              {pd product} {ergonomic}
    uintx ProfiledCodeHeapSize                     = 122912730                              {pd product} {ergonomic}
    uintx ReservedCodeCacheSize                    = 251658240                              {pd product} {ergonomic}
     bool SegmentedCodeCache                       = true                                      {product} {ergonomic}
   size_t SoftMaxHeapSize                          = 2132803584                             {manageable} {ergonomic}
     bool UseCompressedClassPointers               = true                           {product lp64_product} {ergonomic}
     bool UseCompressedOops                        = true                           {product lp64_product} {ergonomic}
     bool UseG1GC                                  = true                                      {product} {ergonomic}
     bool UseLargePagesIndividualAllocation        = false                                  {pd product} {ergonomic}

Logging:
Log output configuration:
 #0: stdout all=warning uptime,level,tags foldmultilines=false
 #1: stderr all=off uptime,level,tags foldmultilines=false

Environment Variables:
JAVA_HOME=C:\Program Files\Java\jdk-18.0.1.1
PATH=C:\WINDOWS\system32;C:\WINDOWS;C:\WINDOWS\system32\Wbem;C:\Program Files\Common Files\Oracle\Java\javapath;C:\Python310\Scripts\;C:\Python310\;C:\ProgramData\Oracle\Java\javapath;C:\WINDOWS\System32\WindowsPowerShell\v1.0\;C:\WINDOWS\System32\OpenSSH\;E:\Git\cmd;C:\ProgramData\chocolatey\bin;E:\Program Files\nodejs\;C:\maven\bin;C:\Program Files\Java\jdk-18.0.1.1\bin;C:\Program Files\MySQL\MySQL Shell 8.0\bin\;C:\Users\atena\AppData\Local\Microsoft\WindowsApps;;E:\Microsoft VS Code\bin;C:\Users\atena\AppData\Roaming\npm;C:\Program Files\JetBrains\IntelliJ IDEA Community Edition 2022.1.3\bin;
USERNAME=atena
OS=Windows_NT
PROCESSOR_IDENTIFIER=AMD64 Family 21 Model 56 Stepping 1, AuthenticAMD



---------------  S Y S T E M  ---------------

OS:
 Windows 10 , 64 bit Build 19041 (10.0.19041.1806)
OS uptime: 0 days 17:41 hours

CPU: total 4 (initial active 4) (4 cores per cpu, 1 threads per core) family 21 model 56 stepping 1 microcode 0x0, cx8, cmov, fxsr, mmx, 3dnowpref, sse, sse2, sse3, ssse3, sse4a, sse4.1, sse4.2, popcnt, lzcnt, tsc, tscinvbit, avx, aes, clmul, bmi1, fma, vzeroupper, clflush

Memory: 4k page, system-wide physical 8128M (1098M free)
TotalPageFile size 10040M (AvailPageFile size 128M)
current process WorkingSet (physical memory assigned to process): 10M, peak: 10M
current process commit charge ("private bytes"): 52M, peak: 179M

vm_info: Java HotSpot(TM) 64-Bit Server VM (18.0.1.1+2-6) for windows-amd64 JRE (18.0.1.1+2-6), built on Apr 25 2022 21:53:15 by "mach5one" with MS VC++ 16.8 / 16.9 (VS2019)

END.
